Using pre-set license

 COMMAND LINE ARGUMENTS:
/Applications/Unity/Unity.app/Contents/MacOS/Unity
-adb2
-batchMode
-noUpm
-name
AssetImportWorker0
-projectPath
/Users/imintsao/Documents/GitHub/iminBranchMac/BuildingAGraph
-logFile
Logs/AssetImportWorker0.log
-srvPort
50090
Successfully changed project path to: /Users/imintsao/Documents/GitHub/iminBranchMac/BuildingAGraph
/Users/imintsao/Documents/GitHub/iminBranchMac/BuildingAGraph
Using Asset Import Pipeline V2.
Refreshing native plugins compatible for Editor in 35.64 ms, found 1 plugins.
Preloading 0 native plugins for Editor in 0.00 ms.
Initialize engine version: 2020.3.5f1 (8095aa901b9b)
[Subsystems] Discovering subsystems at path /Applications/Unity/Unity.app/Contents/Resources/UnitySubsystems
[Subsystems] Discovering subsystems at path /Users/imintsao/Documents/GitHub/iminBranchMac/BuildingAGraph/Assets
GfxDevice: creating device client; threaded=0
2021-05-19 12:00:57.869 Unity[1800:27050] DELL U2518D preferred device: AMD Radeon Pro 555X (high power)
2021-05-19 12:00:57.870 Unity[1800:27050] Metal devices available: 2
2021-05-19 12:00:57.870 Unity[1800:27050] 0: AMD Radeon Pro 555X (high power)
2021-05-19 12:00:57.870 Unity[1800:27050] 1: Intel(R) UHD Graphics 630 (low power)
2021-05-19 12:00:57.870 Unity[1800:27050] Using device AMD Radeon Pro 555X (high power)
Initializing Metal device caps: AMD Radeon Pro 555X
Shader 'Universal Render Pipeline/Particles/Lit': fallback shader 'Universal Render Pipeline/Particles/SimpleLit' not found
Initialize mono
Mono path[0] = '/Applications/Unity/Unity.app/Contents/Managed'
Mono path[1] = '/Applications/Unity/Unity.app/Contents/MonoBleedingEdge/lib/mono/unityjit'
Mono config path = '/Applications/Unity/Unity.app/Contents/MonoBleedingEdge/etc'
Using monoOptions --debugger-agent=transport=dt_socket,embedding=1,server=y,suspend=n,address=127.0.0.1:56800
Begin MonoManager ReloadAssembly
Registering precompiled unity dll's ...
Register platform support module: /Applications/Unity/Unity.app/Contents/PlaybackEngines/MacStandaloneSupport/UnityEditor.OSXStandalone.Extensions.dll
Register platform support module: /Applications/Unity/PlaybackEngines/WindowsStandaloneSupport/UnityEditor.WindowsStandalone.Extensions.dll
Registered in 0.001132 seconds.
Native extension for WindowsStandalone target not found
Native extension for OSXStandalone target not found
Refreshing native plugins compatible for Editor in 36.16 ms, found 1 plugins.
Preloading 0 native plugins for Editor in 0.00 ms.
Mono: successfully reloaded assembly
- Completed reload, in  1.598 seconds
Platform modules already initialized, skipping
Registering precompiled user dll's ...
Registered in 0.000628 seconds.
Begin MonoManager ReloadAssembly
Native extension for WindowsStandalone target not found
Native extension for OSXStandalone target not found
Refreshing native plugins compatible for Editor in 35.88 ms, found 1 plugins.
Preloading 0 native plugins for Editor in 0.00 ms.
Mono: successfully reloaded assembly
- Completed reload, in  0.993 seconds
Platform modules already initialized, skipping
========================================================================
Worker process is ready to serve import requests
Shader 'Universal Render Pipeline/Particles/Lit': fallback shader 'Universal Render Pipeline/Particles/SimpleLit' not found
Launching external process: /Applications/Unity/Unity.app/Contents/Tools/UnityShaderCompiler
Launched and connected shader compiler UnityShaderCompiler after 0.01 seconds
Refreshing native plugins compatible for Editor in 0.35 ms, found 1 plugins.
Preloading 0 native plugins for Editor in 0.00 ms.
Unloading 2420 Unused Serialized files (Serialized files now loaded: 0)
System memory in use before: 181.8 MB.
System memory in use after: 182.0 MB.

Unloading 11 unused Assets to reduce memory usage. Loaded Objects now: 2864.
Total: 1.893796 ms (FindLiveObjects: 0.243296 ms CreateObjectMapping: 0.094946 ms MarkObjects: 1.481706 ms  DeleteObjects: 0.072613 ms)

========================================================================
Received Import Request.
  path: Assets/Scripts/GraphImin.cs
  artifactKey: Guid(392faa83180c54783bfc70e932c7d5c2) Importer(815301076,1909f56bfc062723c751e8b465ee728b)
Start importing Assets/Scripts/GraphImin.cs using Guid(392faa83180c54783bfc70e932c7d5c2) Importer(815301076,1909f56bfc062723c751e8b465ee728b)  -> (artifact id: 'c57822c2e5ade82aca90839ddc7a2128') in 1.611289 seconds
  Import took 1.614371 seconds .

========================================================================
Received Import Request.
  Time since last request: 2338.030651 seconds.
  path: Assets/Point/Point URP.shadergraph
  artifactKey: Guid(9e7662179f43a4c75a06614012e0aafd) Importer(815301076,1909f56bfc062723c751e8b465ee728b)
Start importing Assets/Point/Point URP.shadergraph using Guid(9e7662179f43a4c75a06614012e0aafd) Importer(815301076,1909f56bfc062723c751e8b465ee728b)  -> (artifact id: '69cffe1da94b51837c6959bd6a84c119') in 0.392815 seconds
  Import took 0.397708 seconds .

========================================================================
Received Prepare
Registering precompiled user dll's ...
Registered in 0.000745 seconds.
Begin MonoManager ReloadAssembly
Native extension for WindowsStandalone target not found
Native extension for OSXStandalone target not found
Refreshing native plugins compatible for Editor in 0.35 ms, found 1 plugins.
Preloading 0 native plugins for Editor in 0.00 ms.
Mono: successfully reloaded assembly
- Completed reload, in  0.978 seconds
Platform modules already initialized, skipping
Shader 'Universal Render Pipeline/Particles/Lit': fallback shader 'Universal Render Pipeline/Particles/SimpleLit' not found
Refreshing native plugins compatible for Editor in 0.43 ms, found 1 plugins.
Preloading 0 native plugins for Editor in 0.00 ms.
Unloading 2310 Unused Serialized files (Serialized files now loaded: 0)
System memory in use before: 183.6 MB.
System memory in use after: 183.8 MB.

Unloading 6 unused Assets to reduce memory usage. Loaded Objects now: 2867.
Total: 2.213522 ms (FindLiveObjects: 0.331723 ms CreateObjectMapping: 0.163726 ms MarkObjects: 1.663497 ms  DeleteObjects: 0.053347 ms)

========================================================================
Received Import Request.
  Time since last request: 11063.339654 seconds.
  path: Assets/Point/PointSurfaceImin.shader
  artifactKey: Guid(c6295ab1cca824ddcbf6d32a380fd84a) Importer(815301076,1909f56bfc062723c751e8b465ee728b)
Start importing Assets/Point/PointSurfaceImin.shader using Guid(c6295ab1cca824ddcbf6d32a380fd84a) Importer(815301076,1909f56bfc062723c751e8b465ee728b)  -> (artifact id: '5452d194a4d2155a6e9883088584c4a2') in 0.169584 seconds
  Import took 0.174152 seconds .

========================================================================
Received Prepare
Registering precompiled user dll's ...
Registered in 0.000770 seconds.
Begin MonoManager ReloadAssembly
Native extension for WindowsStandalone target not found
Native extension for OSXStandalone target not found
Refreshing native plugins compatible for Editor in 0.38 ms, found 1 plugins.
Preloading 0 native plugins for Editor in 0.00 ms.
Mono: successfully reloaded assembly
- Completed reload, in  0.963 seconds
Platform modules already initialized, skipping
Shader 'Universal Render Pipeline/Particles/Lit': fallback shader 'Universal Render Pipeline/Particles/SimpleLit' not found
Refreshing native plugins compatible for Editor in 0.35 ms, found 1 plugins.
Preloading 0 native plugins for Editor in 0.00 ms.
Unloading 2310 Unused Serialized files (Serialized files now loaded: 0)
System memory in use before: 188.2 MB.
System memory in use after: 188.4 MB.

Unloading 6 unused Assets to reduce memory usage. Loaded Objects now: 2870.
Total: 2.116064 ms (FindLiveObjects: 0.266585 ms CreateObjectMapping: 0.101531 ms MarkObjects: 1.685876 ms  DeleteObjects: 0.061358 ms)

AssetImportWorkerClient::OnTransportError - code=2 error=End of file
